# JRE version: OpenJDK Runtime Environment Temurin-17.0.4.1+1 (17.0.4.1+1) (build 17.0.4.1+1)
# Java VM: OpenJDK 64-Bit Server VM Temurin-17.0.4.1+1 (17.0.4.1+1, mixed mode, tiered, compressed oops, compressed class ptrs, g1 gc, windows-amd64)
GC Precious Log:
 CPUs: 16 total, 16 available
 Memory: 15792M
 Large Page Support: Disabled
 NUMA Support: Disabled
 Compressed Oops: Enabled (Zero based)
 Heap Region Size: 2M
 Heap Min Capacity: 8M
 Heap Initial Capacity: 248M
 Heap Max Capacity: 3950M
 Pre-touch: Disabled
 Parallel Workers: 13
 Concurrent Workers: 3
 Concurrent Refinement Workers: 13
 Periodic GC: Disabled
Heap:
 garbage-first heap   total 147456K, used 61173K [0x0000000709200000, 0x0000000800000000)
  region size 2048K, 24 young (49152K), 1 survivors (2048K)
 Metaspace       used 25269K, committed 25472K, reserved 1073152K
  class space    used 2494K, committed 2560K, reserved 1048576K
GC Heap History (18 events):
Event: 0.748 GC heap before
{Heap before GC invocations=0 (full 0):
 garbage-first heap   total 253952K, used 22528K [0x0000000709200000, 0x0000000800000000)
  region size 2048K, 11 young (22528K), 0 survivors (0K)
 Metaspace       used 19630K, committed 19776K, reserved 1073152K
  class space    used 1946K, committed 2048K, reserved 1048576K
}
Event: 0.752 GC heap after
{Heap after GC invocations=1 (full 0):
 garbage-first heap   total 253952K, used 4829K [0x0000000709200000, 0x0000000800000000)
  region size 2048K, 2 young (4096K), 2 survivors (4096K)
 Metaspace       used 19630K, committed 19776K, reserved 1073152K
  class space    used 1946K, committed 2048K, reserved 1048576K
}
Event: 0.852 GC heap before
{Heap before GC invocations=1 (full 0):
 garbage-first heap   total 253952K, used 10973K [0x0000000709200000, 0x0000000800000000)
  region size 2048K, 6 young (12288K), 2 survivors (4096K)
 Metaspace       used 21299K, committed 21504K, reserved 1073152K
  class space    used 2174K, committed 2304K, reserved 1048576K
}
Event: 0.854 GC heap after
{Heap after GC invocations=2 (full 0):
 garbage-first heap   total 253952K, used 5538K [0x0000000709200000, 0x0000000800000000)
  region size 2048K, 1 young (2048K), 1 survivors (2048K)
 Metaspace       used 21299K, committed 21504K, reserved 1073152K
  class space    used 2174K, committed 2304K, reserved 1048576K
}
Event: 1.157 GC heap before
{Heap before GC invocations=3 (full 0):
 garbage-first heap   total 34816K, used 19874K [0x0000000709200000, 0x0000000800000000)
  region size 2048K, 8 young (16384K), 1 survivors (2048K)
 Metaspace       used 22465K, committed 22720K, reserved 1073152K
  class space    used 2298K, committed 2432K, reserved 1048576K
}
Event: 1.159 GC heap after
{Heap after GC invocations=4 (full 0):
 garbage-first heap   total 34816K, used 14062K [0x0000000709200000, 0x0000000800000000)
  region size 2048K, 3 young (6144K), 3 survivors (6144K)
 Metaspace       used 22465K, committed 22720K, reserved 1073152K
  class space    used 2298K, committed 2432K, reserved 1048576K
}
Event: 1.175 GC heap before
{Heap before GC invocations=4 (full 0):
 garbage-first heap   total 34816K, used 16110K [0x0000000709200000, 0x0000000800000000)
  region size 2048K, 4 young (8192K), 3 survivors (6144K)
 Metaspace       used 22475K, committed 22720K, reserved 1073152K
  class space    used 2298K, committed 2432K, reserved 1048576K
}
Event: 1.176 GC heap after
{Heap after GC invocations=5 (full 0):
 garbage-first heap   total 34816K, used 14662K [0x0000000709200000, 0x0000000800000000)
  region size 2048K, 1 young (2048K), 1 survivors (2048K)
 Metaspace       used 22475K, committed 22720K, reserved 1073152K
  class space    used 2298K, committed 2432K, reserved 1048576K
}
Event: 1.209 GC heap before
{Heap before GC invocations=5 (full 0):
 garbage-first heap   total 34816K, used 14662K [0x0000000709200000, 0x0000000800000000)
  region size 2048K, 3 young (6144K), 1 survivors (2048K)
 Metaspace       used 22478K, committed 22720K, reserved 1073152K
  class space    used 2298K, committed 2432K, reserved 1048576K
}
Event: 1.210 GC heap after
{Heap after GC invocations=6 (full 0):
 garbage-first heap   total 34816K, used 15767K [0x0000000709200000, 0x0000000800000000)
  region size 2048K, 1 young (2048K), 1 survivors (2048K)
 Metaspace       used 22478K, committed 22720K, reserved 1073152K
  class space    used 2298K, committed 2432K, reserved 1048576K
}
Event: 16.104 GC heap before
{Heap before GC invocations=7 (full 0):
 garbage-first heap   total 38912K, used 21911K [0x0000000709200000, 0x0000000800000000)
  region size 2048K, 4 young (8192K), 1 survivors (2048K)
 Metaspace       used 23048K, committed 23296K, reserved 1073152K
  class space    used 2336K, committed 2496K, reserved 1048576K
}
Event: 16.105 GC heap after
{Heap after GC invocations=8 (full 0):
 garbage-first heap   total 38912K, used 18091K [0x0000000709200000, 0x0000000800000000)
  region size 2048K, 1 young (2048K), 1 survivors (2048K)
 Metaspace       used 23048K, committed 23296K, reserved 1073152K
  class space    used 2336K, committed 2496K, reserved 1048576K
}
Event: 16.386 GC heap before
{Heap before GC invocations=8 (full 0):
 garbage-first heap   total 38912K, used 24235K [0x0000000709200000, 0x0000000800000000)
  region size 2048K, 5 young (10240K), 1 survivors (2048K)
 Metaspace       used 23173K, committed 23424K, reserved 1073152K
  class space    used 2336K, committed 2496K, reserved 1048576K
}
Event: 16.386 GC heap after
{Heap after GC invocations=9 (full 0):
 garbage-first heap   total 38912K, used 18130K [0x0000000709200000, 0x0000000800000000)
  region size 2048K, 1 young (2048K), 1 survivors (2048K)
 Metaspace       used 23173K, committed 23424K, reserved 1073152K
  class space    used 2336K, committed 2496K, reserved 1048576K
}
Event: 16.629 GC heap before
{Heap before GC invocations=10 (full 0):
 garbage-first heap   total 38912K, used 24274K [0x0000000709200000, 0x0000000800000000)
  region size 2048K, 5 young (10240K), 1 survivors (2048K)
 Metaspace       used 23226K, committed 23424K, reserved 1073152K
  class space    used 2336K, committed 2496K, reserved 1048576K
}
Event: 16.630 GC heap after
{Heap after GC invocations=11 (full 0):
 garbage-first heap   total 147456K, used 18124K [0x0000000709200000, 0x0000000800000000)
  region size 2048K, 1 young (2048K), 1 survivors (2048K)
 Metaspace       used 23226K, committed 23424K, reserved 1073152K
  class space    used 2336K, committed 2496K, reserved 1048576K
}
Event: 22.621 GC heap before
{Heap before GC invocations=11 (full 0):
 garbage-first heap   total 147456K, used 97996K [0x0000000709200000, 0x0000000800000000)
  region size 2048K, 41 young (83968K), 1 survivors (2048K)
 Metaspace       used 23576K, committed 23872K, reserved 1073152K
  class space    used 2336K, committed 2496K, reserved 1048576K
}
Event: 22.621 GC heap after
{Heap after GC invocations=12 (full 0):
 garbage-first heap   total 147456K, used 18165K [0x0000000709200000, 0x0000000800000000)
  region size 2048K, 1 young (2048K), 1 survivors (2048K)
 Metaspace       used 23576K, committed 23872K, reserved 1073152K
  class space    used 2336K, committed 2496K, reserved 1048576K
}

